<?xml version="1.0" encoding="UTF-8"?>
<robot generator="Robot 7.2 (Python 3.11.4 on win32)" generated="2025-05-04T01:28:01.733505" rpa="false" schemaversion="5">
<suite id="s1" name="Users Tests Api" source="D:\Projetos\automacao-api\tests\users_tests_api.robot">
<test id="s1-t1" name="Teste POST - Criar Novo Usuario" line="18">
<kw name="Criar Sessão API" owner="api_keywords">
<kw name="Create Session" owner="RequestsLibrary">
<msg time="2025-05-04T01:28:02.640181" level="INFO">Creating Session using : alias=api_session, url=https://jsonplaceholder.typicode.com, headers={},                     cookies={}, auth=None, timeout=10, proxies=None, verify=False,                     debug=0 </msg>
<arg>api_session</arg>
<arg>${BASE_URL}</arg>
<arg>timeout=${TIMEOUT}</arg>
<doc>Create Session: create a HTTP session to a server</doc>
<status status="PASS" start="2025-05-04T01:28:02.639171" elapsed="0.001010"/>
</kw>
<kw name="Log" owner="BuiltIn">
<arg>Sessão API criada com sucesso</arg>
<arg>level=DEBUG</arg>
<doc>Logs the given message with the given level.</doc>
<status status="PASS" start="2025-05-04T01:28:02.641414" elapsed="0.000996"/>
</kw>
<doc>Cria uma sessão HTTP para a API</doc>
<status status="PASS" start="2025-05-04T01:28:02.636826" elapsed="0.006582"/>
</kw>
<kw name="Enviar Requisição POST" owner="api_keywords">
<kw name="POST On Session" owner="RequestsLibrary">
<msg time="2025-05-04T01:28:02.960313" level="INFO">POST Request : url=https://jsonplaceholder.typicode.com/users 
 path_url=/users 
 headers={'User-Agent': 'python-requests/2.32.3', 'Accept-Encoding': 'gzip, deflate', 'Accept': '*/*', 'Connection': 'keep-alive', 'Content-Type': 'application/json', 'Content-Length': '78'} 
 body=b'{"name": "Test User", "username": "testuser", "email": "testuser@example.com"}' 
 </msg>
<msg time="2025-05-04T01:28:02.960313" level="INFO">POST Response : url=https://jsonplaceholder.typicode.com/users 
 status=201, reason=Created 
 headers={'Date': 'Sun, 04 May 2025 04:28:01 GMT', 'Content-Type': 'application/json; charset=utf-8', 'Content-Length': '98', 'Connection': 'keep-alive', 'Server': 'cloudflare', 'Report-To': '{"group":"heroku-nel","max_age":3600,"endpoints":[{"url":"https://nel.heroku.com/reports?ts=1746332881&amp;sid=e11707d5-02a7-43ef-b45e-2cf4d2036f7d&amp;s=veLpJsAXyIgVWhf0BiguBym6WaMIPYdD8TC4Gw%2B1SHU%3D"}]}', 'Reporting-Endpoints': 'heroku-nel=https://nel.heroku.com/reports?ts=1746332881&amp;sid=e11707d5-02a7-43ef-b45e-2cf4d2036f7d&amp;s=veLpJsAXyIgVWhf0BiguBym6WaMIPYdD8TC4Gw%2B1SHU%3D', 'Nel': '{"report_to":"heroku-nel","max_age":3600,"success_fraction":0.005,"failure_fraction":0.05,"response_headers":["Via"]}', 'X-Powered-By': 'Express', 'X-Ratelimit-Limit': '1000', 'X-Ratelimit-Remaining': '999', 'X-Ratelimit-Reset': '1746332934', 'Vary': 'Origin, X-HTTP-Method-Override, Accept-Encoding', 'Access-Control-Allow-Credentials': 'true', 'Cache-Control': 'no-cache', 'Pragma': 'no-cache', 'Expires': '-1', 'Access-Control-Expose-Headers': 'Location', 'Location': 'https://jsonplaceholder.typicode.com/users/11', 'X-Content-Type-Options': 'nosniff', 'Etag': 'W/"62-eoypy6QrvhzA8ByM4oVaRTBoKuM"', 'Via': '1.1 vegur', 'Cf-Cache-Status': 'DYNAMIC', 'CF-RAY': '93a53fbc1a10a52f-GRU', 'alt-svc': 'h3=":443"; ma=86400'} 
 body={
  "name": "Test User",
  "username": "testuser",
  "email": "testuser@example.com",
  "id": 11
} 
 </msg>
<msg time="2025-05-04T01:28:02.960313" level="INFO">C:\Users\mths_\AppData\Local\Programs\Python\Python311\Lib\site-packages\urllib3\connectionpool.py:1097: InsecureRequestWarning: Unverified HTTPS request is being made to host 'jsonplaceholder.typicode.com'. Adding certificate verification is strongly advised. See: https://urllib3.readthedocs.io/en/latest/advanced-usage.html#tls-warnings
  warnings.warn(</msg>
<msg time="2025-05-04T01:28:02.961650" level="INFO">${response} = &lt;Response [201]&gt;</msg>
<var>${response}</var>
<arg>api_session</arg>
<arg>${endpoint}</arg>
<arg>json=${payload}</arg>
<arg>headers=${HEADERS}</arg>
<doc>Sends a POST request on a previously created HTTP Session.</doc>
<status status="PASS" start="2025-05-04T01:28:02.650433" elapsed="0.311217"/>
</kw>
<return>
<value>${response}</value>
<status status="PASS" start="2025-05-04T01:28:02.961650" elapsed="0.000000"/>
</return>
<msg time="2025-05-04T01:28:02.962661" level="INFO">${response} = &lt;Response [201]&gt;</msg>
<var>${response}</var>
<arg>${POST_USERS_ENDPOINT}</arg>
<arg>${POST_USER_PAYLOAD}</arg>
<status status="PASS" start="2025-05-04T01:28:02.648919" elapsed="0.313742"/>
</kw>
<kw name="Validar Resposta POST" owner="api_keywords">
<kw name="Validar Status Code" owner="api_keywords">
<kw name="Should Be Equal As Numbers" owner="BuiltIn">
<msg time="2025-05-04T01:28:02.968993" level="INFO">Argument types are:
&lt;class 'int'&gt;
&lt;class 'str'&gt;</msg>
<arg>${response.status_code}</arg>
<arg>${expected_status}</arg>
<doc>Fails if objects are unequal after converting them to real numbers.</doc>
<status status="PASS" start="2025-05-04T01:28:02.967001" elapsed="0.001992"/>
</kw>
<arg>${response}</arg>
<arg>201</arg>
<status status="PASS" start="2025-05-04T01:28:02.964991" elapsed="0.004002"/>
</kw>
<kw name="Set Variable" owner="BuiltIn">
<msg time="2025-05-04T01:28:02.970502" level="INFO">${json} = {'name': 'Test User', 'username': 'testuser', 'email': 'testuser@example.com', 'id': 11}</msg>
<var>${json}</var>
<arg>${response.json()}</arg>
<doc>Returns the given values which can then be assigned to a variables.</doc>
<status status="PASS" start="2025-05-04T01:28:02.968993" elapsed="0.001509"/>
</kw>
<kw name="Dictionary Should Contain Key" owner="Collections">
<arg>${json}</arg>
<arg>id</arg>
<doc>Fails if ``key`` is not found from ``dictionary``.</doc>
<status status="PASS" start="2025-05-04T01:28:02.970502" elapsed="0.001369"/>
</kw>
<kw name="Log" owner="BuiltIn">
<msg time="2025-05-04T01:28:02.971871" level="INFO">ID do novo usuário: 11</msg>
<arg>ID do novo usuário: ${json}[id]</arg>
<arg>level=INFO</arg>
<doc>Logs the given message with the given level.</doc>
<status status="PASS" start="2025-05-04T01:28:02.971871" elapsed="0.000995"/>
</kw>
<arg>${response}</arg>
<status status="PASS" start="2025-05-04T01:28:02.963673" elapsed="0.009193"/>
</kw>
<doc>Testa a criação de um usuário via POST</doc>
<tag>post</tag>
<tag>regressao</tag>
<status status="PASS" start="2025-05-04T01:28:02.633312" elapsed="0.339554"/>
</test>
<status status="PASS" start="2025-05-04T01:28:01.736912" elapsed="1.238956"/>
</suite>
<statistics>
<total>
<stat pass="1" fail="0" skip="0">All Tests</stat>
</total>
<tag>
<stat pass="1" fail="0" skip="0">post</stat>
<stat pass="1" fail="0" skip="0">regressao</stat>
</tag>
<suite>
<stat name="Users Tests Api" id="s1" pass="1" fail="0" skip="0">Users Tests Api</stat>
</suite>
</statistics>
<errors>
</errors>
</robot>
